<?xml version="1.0" encoding="UTF-8"?>
<testng-results ignored="0" total="1" passed="1" failed="0" skipped="0">
  <reporter-output>
  </reporter-output>
  <suite started-at="2023-10-10T03:48:47Z" name="Default suite" finished-at="2023-10-10T03:48:52Z" duration-ms="4656">
    <groups>
    </groups>
    <test started-at="2023-10-10T03:48:47Z" name="Default test" finished-at="2023-10-10T03:48:52Z" duration-ms="4656">
      <class name="restAPIPhase3Project.EndToEndTest">
        <test-method signature="runtestCases()[pri:0, instance:restAPIPhase3Project.EndToEndTest@7c214cc0]" started-at="2023-10-10T03:48:47Z" name="runtestCases" finished-at="2023-10-10T03:48:52Z" duration-ms="4640" status="PASS">
          <reporter-output>
          </reporter-output>
        </test-method> <!-- runtestCases -->
      </class> <!-- restAPIPhase3Project.EndToEndTest -->
    </test> <!-- Default test -->
  </suite> <!-- Default suite -->
</testng-results>
